Removed Pin From Net: NetName=NetR8_2 Pin=R8-2
Removed Pin From Net: NetName=NetTP3_1 Pin=TP3-1
Removed Pin From Net: NetName=NetR8_2 Pin=TP4-1
Removed Pin From Net: NetName=NetTP3_1 Pin=U1-5
Change Component DesignItemId : Designator=P2 Old DesignItemId=Header 6X2 New DesignItemId=Header 8X2
Change Component Footprint: Designator=P2 Old Footprint=HDR2X6 New Footprint=HDR2X8
Change Component Footprint: Designator=TP2 Old Footprint=TESTPOINT New Footprint=Via_TP
Change Component Footprint: Designator=TP3 Old Footprint=TESTPOINT New Footprint=Via_TP
Change Component Footprint: Designator=TP4 Old Footprint=TESTPOINT New Footprint=Via_TP
Change Component Footprint: Designator=TP5 Old Footprint=TESTPOINT New Footprint=Via_TP
Change Component Footprint: Designator=TP6 Old Footprint=TESTPOINT New Footprint=Via_TP
Change Component Footprint: Designator=TP7 Old Footprint=TESTPOINT New Footprint=Via_TP
Change Component Comment : Designator=P2 Old Comment=Header 6X2 New Comment=Header 8X2
Change Component Comment : Designator=TP5 Old Comment=TESTPOINT New Comment=U1_EN
Change Component Comment : Designator=TP2 Old Comment=TESTPOINT New Comment=U1_HYS
Change Component Comment : Designator=TP3 Old Comment=TESTPOINT New Comment=U1_PG
Change Component Comment : Designator=TP6 Old Comment=TESTPOINT New Comment=U2_EN
Change Component Comment : Designator=TP7 Old Comment=TESTPOINT New Comment=U2_PG
Change Component Comment : Designator=TP1 Old Comment=TESTPOINT New Comment=U4_STAT
Added Component: Designator=P1(Nokia_3P_batt_conn)
Added Component: Designator=R12(0402_RES)
Added Pin To Net: NetName=VBAT Pin=P1-1
Added Pin To Net: NetName=NetP1_2 Pin=P1-2
Added Pin To Net: NetName=GND Pin=P1-3
Added Pin To Net: NetName=GND Pin=P2-7
Added Pin To Net: NetName=NetTP3_1 Pin=P2-13
Added Pin To Net: NetName=NetQ1_2 Pin=P2-14
Added Pin To Net: NetName=NetR8_2 Pin=P2-15
Added Pin To Net: NetName=NetR4_1 Pin=P2-16
Added Pin To Net: NetName=NetTP3_1 Pin=R8-2
Added Pin To Net: NetName=NetR8_2 Pin=R12-1
Added Pin To Net: NetName=5VDC Pin=R12-2
Added Pin To Net: NetName=NetR8_2 Pin=TP3-1
Added Pin To Net: NetName=NetTP3_1 Pin=TP4-1
Added Pin To Net: NetName=NetR8_2 Pin=U1-5
Change Net Name : Old Net Name=NetQ1_2 New Net Name=NetP2_14
Change Net Name : Old Net Name=NetR4_1 New Net Name=NetP2_16
Change Net Name : Old Net Name=NetR8_2 New Net Name=NetP2_15
Change Net Name : Old Net Name=NetTP3_1 New Net Name=NetP2_13
Added Member To Class: ClassName=OpenBLC_CONNECTIONS Member=Component P1 Nokia 3pin pogo connector
Added Member To Class: ClassName=OpenBLC_TPS61230 Member=Component R12 CRCW0402100KFKEDHP
Added Room: Name=OpenBLC_CONNECTIONS
Added Room: Name=OpenBLC_LTC4412
Added Room: Name=OpenBLC_MCP73831
Added Room: Name=OpenBLC_TPS61230
Added Room: Name=OpenBLC_TPS62152
